<?xml version="1.0" encoding="UTF-8"?>
<testsuite xmlns:xsi="http://www.w3.org/2001/XMLSchema-instance" xsi:noNamespaceSchemaLocation="https://maven.apache.org/surefire/maven-surefire-plugin/xsd/surefire-test-report.xsd" name="com.mycompany.app.AppTest" time="0.005" tests="1" errors="0" skipped="0" failures="0">
  <properties>
    <property name="sun.desktop" value="gnome"/>
    <property name="awt.toolkit" value="sun.awt.X11.XToolkit"/>
    <property name="jdk.extensions.version" value="8.0.292.0"/>
    <property name="file.encoding.pkg" value="sun.io"/>
    <property name="java.specification.version" value="1.8"/>
    <property name="sun.jnu.encoding" value="UTF-8"/>
    <property name="java.class.path" value="/home/cinnamon/Desktop/staitcAnalysis-main/maven/my-app/target/test-classes:/home/cinnamon/Desktop/staitcAnalysis-main/maven/my-app/target/classes:/home/cinnamon/.m2/repository/junit/junit/4.11/junit-4.11.jar:/home/cinnamon/.m2/repository/org/hamcrest/hamcrest-core/1.3/hamcrest-core-1.3.jar:/home/cinnamon/.m2/repository/com/github/javaparser/javaparser-symbol-solver-core/3.24.2/javaparser-symbol-solver-core-3.24.2.jar:/home/cinnamon/.m2/repository/com/github/javaparser/javaparser-core/3.24.2/javaparser-core-3.24.2.jar:/home/cinnamon/.m2/repository/org/javassist/javassist/3.28.0-GA/javassist-3.28.0-GA.jar:/home/cinnamon/.m2/repository/com/google/guava/guava/31.1-jre/guava-31.1-jre.jar:/home/cinnamon/.m2/repository/com/google/guava/failureaccess/1.0.1/failureaccess-1.0.1.jar:/home/cinnamon/.m2/repository/com/google/guava/listenablefuture/9999.0-empty-to-avoid-conflict-with-guava/listenablefuture-9999.0-empty-to-avoid-conflict-with-guava.jar:/home/cinnamon/.m2/repository/com/google/code/findbugs/jsr305/3.0.2/jsr305-3.0.2.jar:/home/cinnamon/.m2/repository/org/checkerframework/checker-qual/3.12.0/checker-qual-3.12.0.jar:/home/cinnamon/.m2/repository/com/google/errorprone/error_prone_annotations/2.11.0/error_prone_annotations-2.11.0.jar:/home/cinnamon/.m2/repository/com/google/j2objc/j2objc-annotations/1.3/j2objc-annotations-1.3.jar:"/>
    <property name="com.ibm.zero.version" value="2"/>
    <property name="java.vm.vendor" value="Eclipse OpenJ9"/>
    <property name="sun.arch.data.model" value="64"/>
    <property name="com.ibm.vm.bitmode" value="64"/>
    <property name="user.variant" value=""/>
    <property name="com.ibm.oti.vm.library.version" value="29"/>
    <property name="java.vendor.url" value="https://adoptopenjdk.net/"/>
    <property name="user.timezone" value=""/>
    <property name="os.name" value="Linux"/>
    <property name="java.vm.specification.version" value="1.8"/>
    <property name="sun.java.launcher" value="SUN_STANDARD"/>
    <property name="user.country" value="CA"/>
    <property name="sun.boot.library.path" value="/usr/lib/jvm/adoptopenjdk-8-openj9-amd64/jre/lib/amd64/default:/usr/lib/jvm/adoptopenjdk-8-openj9-amd64/jre/lib/amd64"/>
    <property name="sun.java.command" value="/home/cinnamon/Desktop/staitcAnalysis-main/maven/my-app/target/surefire/surefirebooter6839097412073318083.jar /home/cinnamon/Desktop/staitcAnalysis-main/maven/my-app/target/surefire 2023-06-13T11-56-12_563-jvmRun1 surefire922934366448703703tmp surefire_08038298677570124536tmp"/>
    <property name="surefire.test.class.path" value="/home/cinnamon/Desktop/staitcAnalysis-main/maven/my-app/target/test-classes:/home/cinnamon/Desktop/staitcAnalysis-main/maven/my-app/target/classes:/home/cinnamon/.m2/repository/junit/junit/4.11/junit-4.11.jar:/home/cinnamon/.m2/repository/org/hamcrest/hamcrest-core/1.3/hamcrest-core-1.3.jar:/home/cinnamon/.m2/repository/com/github/javaparser/javaparser-symbol-solver-core/3.24.2/javaparser-symbol-solver-core-3.24.2.jar:/home/cinnamon/.m2/repository/com/github/javaparser/javaparser-core/3.24.2/javaparser-core-3.24.2.jar:/home/cinnamon/.m2/repository/org/javassist/javassist/3.28.0-GA/javassist-3.28.0-GA.jar:/home/cinnamon/.m2/repository/com/google/guava/guava/31.1-jre/guava-31.1-jre.jar:/home/cinnamon/.m2/repository/com/google/guava/failureaccess/1.0.1/failureaccess-1.0.1.jar:/home/cinnamon/.m2/repository/com/google/guava/listenablefuture/9999.0-empty-to-avoid-conflict-with-guava/listenablefuture-9999.0-empty-to-avoid-conflict-with-guava.jar:/home/cinnamon/.m2/repository/com/google/code/findbugs/jsr305/3.0.2/jsr305-3.0.2.jar:/home/cinnamon/.m2/repository/org/checkerframework/checker-qual/3.12.0/checker-qual-3.12.0.jar:/home/cinnamon/.m2/repository/com/google/errorprone/error_prone_annotations/2.11.0/error_prone_annotations-2.11.0.jar:/home/cinnamon/.m2/repository/com/google/j2objc/j2objc-annotations/1.3/j2objc-annotations-1.3.jar:"/>
    <property name="sun.cpu.endian" value="little"/>
    <property name="user.home" value="/home/cinnamon"/>
    <property name="user.language" value="en"/>
    <property name="java.specification.vendor" value="Oracle Corporation"/>
    <property name="java.home" value="/usr/lib/jvm/adoptopenjdk-8-openj9-amd64/jre"/>
    <property name="ibm.signalhandling.rs" value="false"/>
    <property name="file.separator" value="/"/>
    <property name="jdk.extensions.name" value="Extensions for OpenJDK for Eclipse OpenJ9"/>
    <property name="basedir" value="/home/cinnamon/Desktop/staitcAnalysis-main/maven/my-app"/>
    <property name="line.separator" value="&#10;"/>
    <property name="java.vm.specification.vendor" value="Oracle Corporation"/>
    <property name="java.specification.name" value="Java Platform API Specification"/>
    <property name="java.compiler" value="j9jit29"/>
    <property name="com.ibm.util.extralibs.properties" value=""/>
    <property name="sun.java.launcher.pid" value="112273"/>
    <property name="java.awt.graphicsenv" value="sun.awt.X11GraphicsEnvironment"/>
    <property name="com.ibm.oti.configuration" value="scar"/>
    <property name="java.awt.fonts" value=""/>
    <property name="surefire.real.class.path" value="/home/cinnamon/Desktop/staitcAnalysis-main/maven/my-app/target/surefire/surefirebooter6839097412073318083.jar"/>
    <property name="com.ibm.oti.shared.enabled" value="false"/>
    <property name="sun.boot.class.path" value="/usr/lib/jvm/adoptopenjdk-8-openj9-amd64/jre/lib/amd64/default/jclSC180/vm.jar:/usr/lib/jvm/adoptopenjdk-8-openj9-amd64/jre/lib/se-service.jar:/usr/lib/jvm/adoptopenjdk-8-openj9-amd64/jre/lib/rt.jar:/usr/lib/jvm/adoptopenjdk-8-openj9-amd64/jre/lib/resources.jar:/usr/lib/jvm/adoptopenjdk-8-openj9-amd64/jre/lib/jsse.jar:/usr/lib/jvm/adoptopenjdk-8-openj9-amd64/jre/lib/charsets.jar:/usr/lib/jvm/adoptopenjdk-8-openj9-amd64/jre/lib/jce.jar"/>
    <property name="com.ibm.oti.vm.bootstrap.library.path" value="/usr/lib/jvm/adoptopenjdk-8-openj9-amd64/jre/lib/amd64/default:/usr/lib/jvm/adoptopenjdk-8-openj9-amd64/jre/lib/amd64"/>
    <property name="com.ibm.cpu.endian" value="little"/>
    <property name="java.fullversion" value="1.8.0_292-b10&#10;JRE 1.8.0 Linux amd64-64-Bit Compressed References 20210421_1000 (JIT enabled, AOT enabled)&#10;OpenJ9   - b4cc246d9&#10;OMR      - 162e6f729&#10;JCL      - 2a5e268814 based on jdk8u292-b10"/>
    <property name="java.runtime.version" value="1.8.0_292-b10"/>
    <property name="user.name" value="cinnamon"/>
    <property name="path.separator" value=":"/>
    <property name="os.version" value="5.4.0-149-generic"/>
    <property name="java.endorsed.dirs" value="/usr/lib/jvm/adoptopenjdk-8-openj9-amd64/jre/lib/endorsed"/>
    <property name="java.runtime.name" value="OpenJDK Runtime Environment"/>
    <property name="ibm.signalhandling.sigint" value="true"/>
    <property name="file.encoding" value="UTF-8"/>
    <property name="java.vm.name" value="Eclipse OpenJ9 VM"/>
    <property name="ibm.signalhandling.sigchain" value="true"/>
    <property name="localRepository" value="/home/cinnamon/.m2/repository"/>
    <property name="java.io.tmpdir" value="/tmp"/>
    <property name="java.version" value="1.8.0_292"/>
    <property name="com.ibm.system.agent.path" value="/usr/lib/jvm/adoptopenjdk-8-openj9-amd64/jre/lib/amd64"/>
    <property name="user.dir" value="/home/cinnamon/Desktop/staitcAnalysis-main/maven/my-app"/>
    <property name="os.arch" value="amd64"/>
    <property name="java.vm.specification.name" value="Java Virtual Machine Specification"/>
    <property name="java.awt.printerjob" value="sun.print.PSPrinterJob"/>
    <property name="os.encoding" value="UTF-8"/>
    <property name="java.library.path" value="/usr/lib/jvm/adoptopenjdk-8-openj9-amd64/jre/lib/amd64/default:/usr/lib/jvm/adoptopenjdk-8-openj9-amd64/jre/lib/amd64:/usr/lib64:/usr/lib"/>
    <property name="java.vendor" value="AdoptOpenJDK"/>
    <property name="java.vm.info" value="JRE 1.8.0 Linux amd64-64-Bit Compressed References 20210421_1000 (JIT enabled, AOT enabled)&#10;OpenJ9   - b4cc246d9&#10;OMR      - 162e6f729&#10;JCL      - 2a5e268814 based on jdk8u292-b10"/>
    <property name="java.vm.version" value="openj9-0.26.0"/>
    <property name="com.ibm.jcl.checkClassPath" value=""/>
    <property name="ibm.system.encoding" value="UTF-8"/>
    <property name="sun.io.unicode.encoding" value="UnicodeLittle"/>
    <property name="java.ext.dirs" value="/usr/lib/jvm/adoptopenjdk-8-openj9-amd64/jre/lib/ext"/>
    <property name="java.class.version" value="52.0"/>
  </properties>
  <testcase name="shouldAnswerWithTrue" classname="com.mycompany.app.AppTest" time="0"/>
</testsuite>